<?xml version="1.0" encoding="UTF-8"?>
<!-- Generated by org.testng.reporters.JUnitReportReporter -->
<testsuite hostname="ForeVision" name="Grid1.grid1" tests="1" failures="0" timestamp="17 Dec 2019 06:43:43 GMT" time="27.083" errors="0">
  <testcase name="browserTest" time="27.083" classname="Grid1.grid1"/>
</testsuite> <!-- Grid1.grid1 -->
