<?xml version="1.0" encoding="UTF-8"?>
<!-- Generated by org.testng.reporters.JUnitReportReporter -->
<testsuite hostname="ForeVision" name="Grid2.Demo1" tests="2" failures="0" timestamp="17 Dec 2019 14:53:53 GMT" time="117.796" errors="0">
  <testcase name="login" time="56.818" classname="Grid2.Demo1"/>
  <testcase name="login" time="60.978" classname="Grid2.Demo1"/>
</testsuite> <!-- Grid2.Demo1 -->
